<?xml version="1.0" encoding="UTF-8"?>
<!-- Generated by org.testng.reporters.JUnitReportReporter -->
<testsuite hostname="kaushik" failures="0" tests="20" name="github_api_test_cases.githubAPI_cases" time="39.169" errors="0" timestamp="2023-05-05T17:53:14 IST" skipped="0">
  <testcase classname="github_api_test_cases.githubAPI_cases" name="CREATE_A_REPOSITORY_FOR_A_AUTHENTICATED_USER" time="19.404"/>
  <system-out/>
  <testcase classname="github_api_test_cases.githubAPI_cases" name="UPDATE_A_REPOSITORY" time="0.938"/>
  <system-out/>
  <testcase classname="github_api_test_cases.githubAPI_cases" name="GET_A_REPOSITORY" time="0.610"/>
  <system-out/>
  <testcase classname="github_api_test_cases.githubAPI_cases" name="CREATE_FILE_CONTENT" time="0.704"/>
  <system-out/>
  <testcase classname="github_api_test_cases.githubAPI_cases" name="CREATE_A_FORK" time="6.750"/>
  <system-out/>
  <testcase classname="github_api_test_cases.githubAPI_cases" name="LIST_FORK" time="0.537"/>
  <system-out/>
  <testcase classname="github_api_test_cases.githubAPI_cases" name="LIST_REPOSITORIES_FOR_A_USER" time="0.931"/>
  <system-out/>
  <testcase classname="github_api_test_cases.githubAPI_cases" name="LIST_REPOSITORY_LANGUAGE" time="0.482"/>
  <system-out/>
  <testcase classname="github_api_test_cases.githubAPI_cases" name="LIST_PUBLIC_REPOSITORIES" time="1.453"/>
  <system-out/>
  <testcase classname="github_api_test_cases.githubAPI_cases" name="CREATE_A_RELEASE" time="0.826"/>
  <system-out/>
  <testcase classname="github_api_test_cases.githubAPI_cases" name="LIST_REPOSITORY_TAGS" time="0.451"/>
  <system-out/>
  <testcase classname="github_api_test_cases.githubAPI_cases" name="CREATE_AN_AUTOLINK_REFERENCE_FOR_A_REPOSITORY" time="0.545"/>
  <system-out/>
  <testcase classname="github_api_test_cases.githubAPI_cases" name="GET_AN_AUTOLINK_REFERENCE_FOR_A_REPOSITORY" time="0.441"/>
  <system-out/>
  <testcase classname="github_api_test_cases.githubAPI_cases" name="GET_A_REPOSITORY_AGAIN" time="0.491"/>
  <system-out/>
  <testcase classname="github_api_test_cases.githubAPI_cases" name="REPLACE_ALL_REPOSITORY_TOPICS" time="0.920"/>
  <system-out/>
  <testcase classname="github_api_test_cases.githubAPI_cases" name="GET_ALL_REPOSITORY_TOPICS" time="0.482"/>
  <system-out/>
  <testcase classname="github_api_test_cases.githubAPI_cases" name="DELETE_AN_AUTOLINK_REFERENCE_FOR_A_REPOSITORY" time="0.456"/>
  <system-out/>
  <testcase classname="github_api_test_cases.githubAPI_cases" name="DELETE_FORK" time="0.660"/>
  <system-out/>
  <testcase classname="github_api_test_cases.githubAPI_cases" name="DELETE_A_FILE" time="1.440"/>
  <system-out/>
  <testcase classname="github_api_test_cases.githubAPI_cases" name="DELETE_A_REPOSITORY" time="0.648"/>
  <system-out/>
</testsuite> <!-- github_api_test_cases.githubAPI_cases -->
